  Building Custom Rule E:/Study/nanomsg-1.1.2/nanomsg-1.1.2/src/CMakeLists.txt
  CMake does not need to re-run because E:/Study/nanomsg-1.1.2/nanomsg-1.1.2/bin/vs2015_64/src/CMakeFiles/generate.stamp is up-to-date.
  ep.c
  global.c
  pipe.c
  poll.c
  sock.c
  sockbase.c
  symbol.c
  ctx.c
  fsm.c
  pool.c
  timer.c
  timerset.c
  usock.c
  worker.c
  alloc.c
  atomic.c
  chunk.c
  chunkref.c
  clock.c
  closefd.c
  正在生成代码...
  正在编译...
  efd.c
  err.c
  hash.c
  list.c
  msg.c
  condvar.c
  mutex.c
  once.c
  queue.c
  random.c
  sem.c
  sleep.c
  strcasecmp.c
  strcasestr.c
  strncasecmp.c
  thread.c
  wire.c
  device.c
  dist.c
  excl.c
  正在生成代码...
  正在编译...
  fq.c
  lb.c
  priolist.c
  bus.c
  xbus.c
  push.c
  pull.c
  xpull.c
  xpush.c
  pair.c
  xpair.c
  pub.c
  sub.c
  trie.c
  xpub.c
  xsub.c
  req.c
  rep.c
  task.c
  xrep.c
  正在生成代码...
  正在编译...
  xreq.c
  respondent.c
  surveyor.c
  xrespondent.c
  xsurveyor.c
  backoff.c
  dns.c
  iface.c
  literal.c
  port.c
  streamhdr.c
  base64.c
  binproc.c
  cinproc.c
  inproc.c
  ins.c
  msgqueue.c
  sinproc.c
  aipc.c
  bipc.c
  正在生成代码...
  正在编译...
  cipc.c
  ipc.c
  sipc.c
  atcp.c
  btcp.c
  ctcp.c
  stcp.c
  tcp.c
  aws.c
  bws.c
  cws.c
  sws.c
  ws.c
  ws_handshake.c
  sha1.c
  正在生成代码...
  nanomsg.vcxproj -> E:\Study\nanomsg-1.1.2\nanomsg-1.1.2\bin\vs2015_64\Debug\nanomsg.lib
